<?xml version="1.0" encoding="UTF-8"?>
<coverage generated="1676373512515" clover="3.2.0">
  <project timestamp="1676373512515" name="All files">
    <metrics statements="141" coveredstatements="131" conditionals="30" coveredconditionals="24" methods="37" coveredmethods="35" elements="208" coveredelements="190" complexity="0" loc="141" ncloc="141" packages="3" files="6" classes="6"/>
    <package name="src">
      <metrics statements="1" coveredstatements="1" conditionals="0" coveredconditionals="0" methods="1" coveredmethods="1"/>
      <file name="App.js" path="/home/aa/Área de Trabalho/PROJETOS/sd-027-a-project-trivia-react-redux/src/App.js">
        <metrics statements="1" coveredstatements="1" conditionals="0" coveredconditionals="0" methods="1" coveredmethods="1"/>
        <line num="11" count="1" type="stmt"/>
      </file>
    </package>
    <package name="src.components">
      <metrics statements="12" coveredstatements="12" conditionals="0" coveredconditionals="0" methods="4" coveredmethods="4"/>
      <file name="Header.jsx" path="/home/aa/Área de Trabalho/PROJETOS/sd-027-a-project-trivia-react-redux/src/components/Header.jsx">
        <metrics statements="12" coveredstatements="12" conditionals="0" coveredconditionals="0" methods="4" coveredmethods="4"/>
        <line num="8" count="3" type="stmt"/>
        <line num="13" count="3" type="stmt"/>
        <line num="14" count="3" type="stmt"/>
        <line num="15" count="3" type="stmt"/>
        <line num="16" count="3" type="stmt"/>
        <line num="18" count="3" type="stmt"/>
        <line num="22" count="19" type="stmt"/>
        <line num="23" count="19" type="stmt"/>
        <line num="25" count="19" type="stmt"/>
        <line num="27" count="19" type="stmt"/>
        <line num="37" count="1" type="stmt"/>
        <line num="42" count="16" type="stmt"/>
      </file>
    </package>
    <package name="src.pages">
      <metrics statements="128" coveredstatements="118" conditionals="30" coveredconditionals="24" methods="32" coveredmethods="30"/>
      <file name="Feedback.jsx" path="/home/aa/Área de Trabalho/PROJETOS/sd-027-a-project-trivia-react-redux/src/pages/Feedback.jsx">
        <metrics statements="10" coveredstatements="10" conditionals="2" coveredconditionals="2" methods="4" coveredmethods="4"/>
        <line num="7" count="3" type="stmt"/>
        <line num="8" count="3" type="stmt"/>
        <line num="9" count="3" type="stmt"/>
        <line num="10" count="3" type="stmt"/>
        <line num="11" count="3" type="stmt"/>
        <line num="12" count="3" type="stmt"/>
        <line num="48" count="2" type="stmt"/>
        <line num="56" count="1" type="stmt"/>
        <line num="66" count="1" type="stmt"/>
        <line num="70" count="3" type="stmt"/>
      </file>
      <file name="Game.jsx" path="/home/aa/Área de Trabalho/PROJETOS/sd-027-a-project-trivia-react-redux/src/pages/Game.jsx">
        <metrics statements="79" coveredstatements="70" conditionals="18" coveredconditionals="14" methods="17" coveredmethods="15"/>
        <line num="8" count="1" type="stmt"/>
        <line num="10" count="3" type="stmt"/>
        <line num="25" count="3" type="stmt"/>
        <line num="26" count="3" type="stmt"/>
        <line num="27" count="3" type="stmt"/>
        <line num="30" count="3" type="stmt"/>
        <line num="32" count="3" type="cond" truecount="1" falsecount="1"/>
        <line num="33" count="0" type="stmt"/>
        <line num="34" count="0" type="stmt"/>
        <line num="35" count="0" type="stmt"/>
        <line num="37" count="3" type="stmt"/>
        <line num="38" count="3" type="stmt"/>
        <line num="39" count="3" type="stmt"/>
        <line num="40" count="3" type="stmt"/>
        <line num="47" count="3" type="stmt"/>
        <line num="51" count="3" type="stmt"/>
        <line num="52" count="18" type="stmt"/>
        <line num="53" count="18" type="stmt"/>
        <line num="54" count="0" type="stmt"/>
        <line num="55" count="0" type="cond" truecount="0" falsecount="2"/>
        <line num="56" count="0" type="stmt"/>
        <line num="57" count="0" type="stmt"/>
        <line num="58" count="0" type="stmt"/>
        <line num="61" count="0" type="stmt"/>
        <line num="68" count="3" type="stmt"/>
        <line num="69" count="15" type="stmt"/>
        <line num="70" count="15" type="stmt"/>
        <line num="71" count="15" type="stmt"/>
        <line num="72" count="15" type="stmt"/>
        <line num="73" count="15" type="stmt"/>
        <line num="74" count="15" type="stmt"/>
        <line num="75" count="15" type="stmt"/>
        <line num="76" count="15" type="stmt"/>
        <line num="77" count="56" type="stmt"/>
        <line num="78" count="56" type="stmt"/>
        <line num="79" count="56" type="stmt"/>
        <line num="81" count="15" type="stmt"/>
        <line num="85" count="3" type="stmt"/>
        <line num="86" count="15" type="stmt"/>
        <line num="87" count="15" type="stmt"/>
        <line num="88" count="12" type="stmt"/>
        <line num="94" count="15" type="stmt"/>
        <line num="95" count="15" type="stmt"/>
        <line num="96" count="15" type="stmt"/>
        <line num="97" count="15" type="stmt"/>
        <line num="98" count="15" type="cond" truecount="2" falsecount="0"/>
        <line num="99" count="3" type="stmt"/>
        <line num="100" count="3" type="stmt"/>
        <line num="101" count="3" type="stmt"/>
        <line num="102" count="3" type="stmt"/>
        <line num="104" count="3" type="stmt"/>
        <line num="108" count="3" type="stmt"/>
        <line num="109" count="10" type="stmt"/>
        <line num="110" count="10" type="stmt"/>
        <line num="116" count="10" type="cond" truecount="1" falsecount="1"/>
        <line num="117" count="10" type="stmt"/>
        <line num="118" count="10" type="stmt"/>
        <line num="119" count="10" type="stmt"/>
        <line num="120" count="10" type="stmt"/>
        <line num="122" count="10" type="stmt"/>
        <line num="123" count="10" type="stmt"/>
        <line num="124" count="10" type="stmt"/>
        <line num="125" count="10" type="stmt"/>
        <line num="132" count="3" type="stmt"/>
        <line num="133" count="10" type="stmt"/>
        <line num="134" count="10" type="stmt"/>
        <line num="138" count="56" type="stmt"/>
        <line num="139" count="56" type="stmt"/>
        <line num="140" count="56" type="cond" truecount="2" falsecount="0"/>
        <line num="141" count="53" type="stmt"/>
        <line num="148" count="186" type="stmt"/>
        <line num="162" count="10" type="stmt"/>
        <line num="163" count="10" type="stmt"/>
        <line num="164" count="10" type="stmt"/>
        <line num="165" count="10" type="stmt"/>
        <line num="182" count="15" type="stmt"/>
        <line num="183" count="15" type="stmt"/>
        <line num="196" count="19" type="stmt"/>
        <line num="198" count="1" type="stmt"/>
      </file>
      <file name="Login.jsx" path="/home/aa/Área de Trabalho/PROJETOS/sd-027-a-project-trivia-react-redux/src/pages/Login.jsx">
        <metrics statements="22" coveredstatements="22" conditionals="6" coveredconditionals="5" methods="6" coveredmethods="6"/>
        <line num="8" count="5" type="stmt"/>
        <line num="15" count="5" type="stmt"/>
        <line num="16" count="5" type="cond" truecount="2" falsecount="0"/>
        <line num="19" count="5" type="stmt"/>
        <line num="20" count="61" type="stmt"/>
        <line num="21" count="61" type="stmt"/>
        <line num="26" count="5" type="stmt"/>
        <line num="27" count="61" type="stmt"/>
        <line num="37" count="5" type="stmt"/>
        <line num="38" count="1" type="stmt"/>
        <line num="39" count="1" type="stmt"/>
        <line num="42" count="5" type="stmt"/>
        <line num="43" count="3" type="stmt"/>
        <line num="44" count="3" type="stmt"/>
        <line num="45" count="3" type="stmt"/>
        <line num="46" count="3" type="stmt"/>
        <line num="47" count="3" type="cond" truecount="1" falsecount="1"/>
        <line num="48" count="3" type="stmt"/>
        <line num="49" count="3" type="stmt"/>
        <line num="54" count="127" type="stmt"/>
        <line num="55" count="127" type="stmt"/>
        <line num="101" count="1" type="stmt"/>
      </file>
      <file name="Ranking.jsx" path="/home/aa/Área de Trabalho/PROJETOS/sd-027-a-project-trivia-react-redux/src/pages/Ranking.jsx">
        <metrics statements="17" coveredstatements="16" conditionals="4" coveredconditionals="3" methods="5" coveredmethods="5"/>
        <line num="5" count="1" type="stmt"/>
        <line num="10" count="1" type="stmt"/>
        <line num="11" count="1" type="stmt"/>
        <line num="12" count="1" type="stmt"/>
        <line num="13" count="1" type="cond" truecount="1" falsecount="1"/>
        <line num="14" count="1" type="stmt"/>
        <line num="16" count="0" type="stmt"/>
        <line num="18" count="1" type="stmt"/>
        <line num="19" count="1" type="stmt"/>
        <line num="23" count="2" type="stmt"/>
        <line num="24" count="2" type="stmt"/>
        <line num="25" count="2" type="stmt"/>
        <line num="26" count="2" type="cond" truecount="2" falsecount="0"/>
        <line num="27" count="1" type="stmt"/>
        <line num="35" count="2" type="stmt"/>
        <line num="41" count="1" type="stmt"/>
        <line num="51" count="1" type="stmt"/>
      </file>
    </package>
  </project>
</coverage>
