{"/home/aa/Área de Trabalho/PROJETOS/sd-027-a-project-trivia-react-redux/src/App.js": {"path":"/home/aa/Área de Trabalho/PROJETOS/sd-027-a-project-trivia-react-redux/src/App.js","statementMap":{"0":{"start":{"line":11,"column":2},"end":{"line":22,"column":4}}},"fnMap":{"0":{"name":"App","decl":{"start":{"line":10,"column":24},"end":{"line":10,"column":27}},"loc":{"start":{"line":10,"column":30},"end":{"line":23,"column":1}},"line":10}},"branchMap":{},"s":{"0":1},"f":{"0":1},"b":{},"_coverageSchema":"1a1c01bbd47fc00a2c39e90264f33305004495a9","hash":"4a8bf264fa8cdc07bf2dc0509b334743f4648e32"}
,"/home/aa/Área de Trabalho/PROJETOS/sd-027-a-project-trivia-react-redux/src/components/Header.jsx": {"path":"/home/aa/Área de Trabalho/PROJETOS/sd-027-a-project-trivia-react-redux/src/components/Header.jsx","statementMap":{"0":{"start":{"line":8,"column":10},"end":{"line":10,"column":3}},"1":{"start":{"line":13,"column":40},"end":{"line":13,"column":50}},"2":{"start":{"line":14,"column":17},"end":{"line":14,"column":46}},"3":{"start":{"line":15,"column":20},"end":{"line":15,"column":61}},"4":{"start":{"line":16,"column":4},"end":{"line":18,"column":39}},"5":{"start":{"line":18,"column":13},"end":{"line":18,"column":37}},"6":{"start":{"line":22,"column":29},"end":{"line":22,"column":39}},"7":{"start":{"line":23,"column":20},"end":{"line":23,"column":30}},"8":{"start":{"line":25,"column":22},"end":{"line":25,"column":28}},"9":{"start":{"line":27,"column":4},"end":{"line":33,"column":6}},"10":{"start":{"line":37,"column":0},"end":{"line":40,"column":13}},"11":{"start":{"line":42,"column":24},"end":{"line":46,"column":2}},"12":{"start":{"line":42,"column":36},"end":{"line":46,"column":1}}},"fnMap":{"0":{"name":"(anonymous_0)","decl":{"start":{"line":12,"column":2},"end":{"line":12,"column":3}},"loc":{"start":{"line":12,"column":28},"end":{"line":19,"column":3}},"line":12},"1":{"name":"(anonymous_1)","decl":{"start":{"line":18,"column":7},"end":{"line":18,"column":8}},"loc":{"start":{"line":18,"column":13},"end":{"line":18,"column":37}},"line":18},"2":{"name":"(anonymous_2)","decl":{"start":{"line":21,"column":2},"end":{"line":21,"column":3}},"loc":{"start":{"line":21,"column":11},"end":{"line":34,"column":3}},"line":21},"3":{"name":"(anonymous_3)","decl":{"start":{"line":42,"column":24},"end":{"line":42,"column":25}},"loc":{"start":{"line":42,"column":36},"end":{"line":46,"column":1}},"line":42}},"branchMap":{},"s":{"0":3,"1":3,"2":3,"3":3,"4":3,"5":3,"6":19,"7":19,"8":19,"9":19,"10":1,"11":1,"12":16},"f":{"0":3,"1":3,"2":19,"3":16},"b":{},"_coverageSchema":"1a1c01bbd47fc00a2c39e90264f33305004495a9","hash":"9e3ae405a6a4a33ed44bebcb248adac119ded3ec"}
,"/home/aa/Área de Trabalho/PROJETOS/sd-027-a-project-trivia-react-redux/src/pages/Feedback.jsx": {"path":"/home/aa/Área de Trabalho/PROJETOS/sd-027-a-project-trivia-react-redux/src/pages/Feedback.jsx","statementMap":{"0":{"start":{"line":7,"column":32},"end":{"line":7,"column":42}},"1":{"start":{"line":8,"column":49},"end":{"line":8,"column":55}},"2":{"start":{"line":9,"column":19},"end":{"line":9,"column":46}},"3":{"start":{"line":10,"column":19},"end":{"line":10,"column":38}},"4":{"start":{"line":11,"column":18},"end":{"line":11,"column":19}},"5":{"start":{"line":12,"column":4},"end":{"line":62,"column":6}},"6":{"start":{"line":48,"column":28},"end":{"line":48,"column":45}},"7":{"start":{"line":56,"column":28},"end":{"line":56,"column":52}},"8":{"start":{"line":66,"column":0},"end":{"line":68,"column":13}},"9":{"start":{"line":70,"column":24},"end":{"line":72,"column":2}},"10":{"start":{"line":70,"column":36},"end":{"line":72,"column":1}}},"fnMap":{"0":{"name":"(anonymous_0)","decl":{"start":{"line":6,"column":2},"end":{"line":6,"column":3}},"loc":{"start":{"line":6,"column":11},"end":{"line":63,"column":3}},"line":6},"1":{"name":"(anonymous_1)","decl":{"start":{"line":48,"column":22},"end":{"line":48,"column":23}},"loc":{"start":{"line":48,"column":28},"end":{"line":48,"column":45}},"line":48},"2":{"name":"(anonymous_2)","decl":{"start":{"line":56,"column":22},"end":{"line":56,"column":23}},"loc":{"start":{"line":56,"column":28},"end":{"line":56,"column":52}},"line":56},"3":{"name":"(anonymous_3)","decl":{"start":{"line":70,"column":24},"end":{"line":70,"column":25}},"loc":{"start":{"line":70,"column":36},"end":{"line":72,"column":1}},"line":70}},"branchMap":{"0":{"loc":{"start":{"line":42,"column":14},"end":{"line":42,"column":50}},"type":"cond-expr","locations":[{"start":{"line":42,"column":35},"end":{"line":42,"column":41}},{"start":{"line":42,"column":44},"end":{"line":42,"column":50}}],"line":42}},"s":{"0":3,"1":3,"2":3,"3":3,"4":3,"5":3,"6":2,"7":1,"8":1,"9":1,"10":3},"f":{"0":3,"1":2,"2":1,"3":3},"b":{"0":[1,2]},"_coverageSchema":"1a1c01bbd47fc00a2c39e90264f33305004495a9","hash":"23d27a233c17ab70c24df920c36ad776da92001c"}
,"/home/aa/Área de Trabalho/PROJETOS/sd-027-a-project-trivia-react-redux/src/pages/Game.jsx": {"path":"/home/aa/Área de Trabalho/PROJETOS/sd-027-a-project-trivia-react-redux/src/pages/Game.jsx","statementMap":{"0":{"start":{"line":8,"column":16},"end":{"line":8,"column":32}},"1":{"start":{"line":10,"column":10},"end":{"line":22,"column":3}},"2":{"start":{"line":25,"column":24},"end":{"line":25,"column":34}},"3":{"start":{"line":26,"column":18},"end":{"line":26,"column":47}},"4":{"start":{"line":27,"column":17},"end":{"line":29,"column":12}},"5":{"start":{"line":30,"column":18},"end":{"line":30,"column":19}},"6":{"start":{"line":32,"column":4},"end":{"line":36,"column":5}},"7":{"start":{"line":33,"column":6},"end":{"line":33,"column":39}},"8":{"start":{"line":34,"column":6},"end":{"line":34,"column":24}},"9":{"start":{"line":35,"column":6},"end":{"line":35,"column":13}},"10":{"start":{"line":37,"column":4},"end":{"line":37,"column":21}},"11":{"start":{"line":38,"column":23},"end":{"line":38,"column":33}},"12":{"start":{"line":39,"column":22},"end":{"line":39,"column":28}},"13":{"start":{"line":40,"column":4},"end":{"line":43,"column":6}},"14":{"start":{"line":47,"column":4},"end":{"line":47,"column":35}},"15":{"start":{"line":51,"column":14},"end":{"line":66,"column":3}},"16":{"start":{"line":52,"column":23},"end":{"line":52,"column":27}},"17":{"start":{"line":53,"column":4},"end":{"line":65,"column":19}},"18":{"start":{"line":54,"column":6},"end":{"line":64,"column":9}},"19":{"start":{"line":55,"column":8},"end":{"line":59,"column":9}},"20":{"start":{"line":56,"column":10},"end":{"line":56,"column":41}},"21":{"start":{"line":57,"column":10},"end":{"line":57,"column":67}},"22":{"start":{"line":58,"column":10},"end":{"line":58,"column":20}},"23":{"start":{"line":61,"column":8},"end":{"line":63,"column":10}},"24":{"start":{"line":68,"column":18},"end":{"line":82,"column":3}},"25":{"start":{"line":69,"column":34},"end":{"line":69,"column":44}},"26":{"start":{"line":70,"column":26},"end":{"line":70,"column":58}},"27":{"start":{"line":71,"column":29},"end":{"line":71,"column":64}},"28":{"start":{"line":72,"column":23},"end":{"line":72,"column":38}},"29":{"start":{"line":73,"column":4},"end":{"line":73,"column":41}},"30":{"start":{"line":74,"column":20},"end":{"line":74,"column":22}},"31":{"start":{"line":75,"column":18},"end":{"line":75,"column":35}},"32":{"start":{"line":76,"column":4},"end":{"line":80,"column":5}},"33":{"start":{"line":76,"column":21},"end":{"line":76,"column":22}},"34":{"start":{"line":77,"column":21},"end":{"line":77,"column":66}},"35":{"start":{"line":78,"column":6},"end":{"line":78,"column":39}},"36":{"start":{"line":79,"column":6},"end":{"line":79,"column":35}},"37":{"start":{"line":81,"column":4},"end":{"line":81,"column":46}},"38":{"start":{"line":85,"column":22},"end":{"line":106,"column":3}},"39":{"start":{"line":86,"column":4},"end":{"line":86,"column":35}},"40":{"start":{"line":87,"column":4},"end":{"line":93,"column":6}},"41":{"start":{"line":88,"column":17},"end":{"line":91,"column":49}},"42":{"start":{"line":94,"column":4},"end":{"line":94,"column":21}},"43":{"start":{"line":95,"column":31},"end":{"line":95,"column":41}},"44":{"start":{"line":96,"column":42},"end":{"line":96,"column":52}},"45":{"start":{"line":97,"column":19},"end":{"line":97,"column":20}},"46":{"start":{"line":98,"column":4},"end":{"line":105,"column":5}},"47":{"start":{"line":99,"column":29},"end":{"line":99,"column":39}},"48":{"start":{"line":100,"column":6},"end":{"line":100,"column":42}},"49":{"start":{"line":101,"column":29},"end":{"line":101,"column":72}},"50":{"start":{"line":102,"column":6},"end":{"line":103,"column":49}},"51":{"start":{"line":104,"column":6},"end":{"line":104,"column":39}},"52":{"start":{"line":108,"column":10},"end":{"line":129,"column":3}},"53":{"start":{"line":109,"column":24},"end":{"line":109,"column":34}},"54":{"start":{"line":110,"column":29},"end":{"line":114,"column":5}},"55":{"start":{"line":116,"column":4},"end":{"line":128,"column":5}},"56":{"start":{"line":117,"column":28},"end":{"line":117,"column":30}},"57":{"start":{"line":118,"column":25},"end":{"line":118,"column":83}},"58":{"start":{"line":119,"column":6},"end":{"line":127,"column":8}},"59":{"start":{"line":120,"column":19},"end":{"line":120,"column":88}},"60":{"start":{"line":122,"column":29},"end":{"line":122,"column":39}},"61":{"start":{"line":123,"column":31},"end":{"line":123,"column":41}},"62":{"start":{"line":124,"column":10},"end":{"line":124,"column":46}},"63":{"start":{"line":125,"column":10},"end":{"line":125,"column":37}},"64":{"start":{"line":132,"column":10},"end":{"line":135,"column":3}},"65":{"start":{"line":133,"column":4},"end":{"line":133,"column":35}},"66":{"start":{"line":134,"column":4},"end":{"line":134,"column":36}},"67":{"start":{"line":138,"column":46},"end":{"line":138,"column":56}},"68":{"start":{"line":139,"column":71},"end":{"line":139,"column":81}},"69":{"start":{"line":140,"column":4},"end":{"line":140,"column":65}},"70":{"start":{"line":140,"column":38},"end":{"line":140,"column":65}},"71":{"start":{"line":141,"column":4},"end":{"line":192,"column":6}},"72":{"start":{"line":148,"column":12},"end":{"line":174,"column":21}},"73":{"start":{"line":162,"column":16},"end":{"line":162,"column":29}},"74":{"start":{"line":163,"column":16},"end":{"line":163,"column":35}},"75":{"start":{"line":164,"column":16},"end":{"line":164,"column":52}},"76":{"start":{"line":165,"column":16},"end":{"line":165,"column":55}},"77":{"start":{"line":182,"column":16},"end":{"line":182,"column":41}},"78":{"start":{"line":183,"column":16},"end":{"line":183,"column":56}},"79":{"start":{"line":196,"column":24},"end":{"line":196,"column":49}},"80":{"start":{"line":196,"column":36},"end":{"line":196,"column":48}},"81":{"start":{"line":198,"column":0},"end":{"line":202,"column":13}}},"fnMap":{"0":{"name":"(anonymous_0)","decl":{"start":{"line":24,"column":2},"end":{"line":24,"column":3}},"loc":{"start":{"line":24,"column":28},"end":{"line":44,"column":3}},"line":24},"1":{"name":"(anonymous_1)","decl":{"start":{"line":46,"column":2},"end":{"line":46,"column":3}},"loc":{"start":{"line":46,"column":25},"end":{"line":48,"column":3}},"line":46},"2":{"name":"(anonymous_2)","decl":{"start":{"line":51,"column":14},"end":{"line":51,"column":15}},"loc":{"start":{"line":51,"column":20},"end":{"line":66,"column":3}},"line":51},"3":{"name":"(anonymous_3)","decl":{"start":{"line":53,"column":34},"end":{"line":53,"column":35}},"loc":{"start":{"line":53,"column":40},"end":{"line":65,"column":5}},"line":53},"4":{"name":"(anonymous_4)","decl":{"start":{"line":54,"column":20},"end":{"line":54,"column":21}},"loc":{"start":{"line":54,"column":37},"end":{"line":64,"column":7}},"line":54},"5":{"name":"(anonymous_5)","decl":{"start":{"line":68,"column":18},"end":{"line":68,"column":19}},"loc":{"start":{"line":68,"column":24},"end":{"line":82,"column":3}},"line":68},"6":{"name":"(anonymous_6)","decl":{"start":{"line":85,"column":22},"end":{"line":85,"column":23}},"loc":{"start":{"line":85,"column":28},"end":{"line":106,"column":3}},"line":85},"7":{"name":"(anonymous_7)","decl":{"start":{"line":88,"column":6},"end":{"line":88,"column":7}},"loc":{"start":{"line":88,"column":17},"end":{"line":91,"column":49}},"line":88},"8":{"name":"(anonymous_8)","decl":{"start":{"line":108,"column":10},"end":{"line":108,"column":11}},"loc":{"start":{"line":108,"column":22},"end":{"line":129,"column":3}},"line":108},"9":{"name":"(anonymous_9)","decl":{"start":{"line":120,"column":8},"end":{"line":120,"column":9}},"loc":{"start":{"line":120,"column":19},"end":{"line":120,"column":88}},"line":120},"10":{"name":"(anonymous_10)","decl":{"start":{"line":121,"column":8},"end":{"line":121,"column":9}},"loc":{"start":{"line":121,"column":14},"end":{"line":126,"column":9}},"line":121},"11":{"name":"(anonymous_11)","decl":{"start":{"line":132,"column":10},"end":{"line":132,"column":11}},"loc":{"start":{"line":132,"column":16},"end":{"line":135,"column":3}},"line":132},"12":{"name":"(anonymous_12)","decl":{"start":{"line":137,"column":2},"end":{"line":137,"column":3}},"loc":{"start":{"line":137,"column":11},"end":{"line":193,"column":3}},"line":137},"13":{"name":"(anonymous_13)","decl":{"start":{"line":147,"column":23},"end":{"line":147,"column":24}},"loc":{"start":{"line":148,"column":12},"end":{"line":174,"column":21}},"line":148},"14":{"name":"(anonymous_14)","decl":{"start":{"line":161,"column":24},"end":{"line":161,"column":25}},"loc":{"start":{"line":161,"column":40},"end":{"line":166,"column":15}},"line":161},"15":{"name":"(anonymous_15)","decl":{"start":{"line":181,"column":24},"end":{"line":181,"column":25}},"loc":{"start":{"line":181,"column":30},"end":{"line":184,"column":15}},"line":181},"16":{"name":"(anonymous_16)","decl":{"start":{"line":196,"column":24},"end":{"line":196,"column":25}},"loc":{"start":{"line":196,"column":36},"end":{"line":196,"column":48}},"line":196}},"branchMap":{"0":{"loc":{"start":{"line":32,"column":4},"end":{"line":36,"column":5}},"type":"if","locations":[{"start":{"line":32,"column":4},"end":{"line":36,"column":5}},{"start":{},"end":{}}],"line":32},"1":{"loc":{"start":{"line":55,"column":8},"end":{"line":59,"column":9}},"type":"if","locations":[{"start":{"line":55,"column":8},"end":{"line":59,"column":9}},{"start":{},"end":{}}],"line":55},"2":{"loc":{"start":{"line":98,"column":4},"end":{"line":105,"column":5}},"type":"if","locations":[{"start":{"line":98,"column":4},"end":{"line":105,"column":5}},{"start":{},"end":{}}],"line":98},"3":{"loc":{"start":{"line":116,"column":4},"end":{"line":128,"column":5}},"type":"if","locations":[{"start":{"line":116,"column":4},"end":{"line":128,"column":5}},{"start":{},"end":{}}],"line":116},"4":{"loc":{"start":{"line":140,"column":4},"end":{"line":140,"column":65}},"type":"if","locations":[{"start":{"line":140,"column":4},"end":{"line":140,"column":65}},{"start":{},"end":{}}],"line":140},"5":{"loc":{"start":{"line":155,"column":18},"end":{"line":158,"column":37}},"type":"binary-expr","locations":[{"start":{"line":155,"column":18},"end":{"line":155,"column":24}},{"start":{"line":156,"column":22},"end":{"line":158,"column":36}}],"line":155},"6":{"loc":{"start":{"line":156,"column":22},"end":{"line":158,"column":36}},"type":"cond-expr","locations":[{"start":{"line":157,"column":22},"end":{"line":157,"column":34}},{"start":{"line":158,"column":22},"end":{"line":158,"column":36}}],"line":156},"7":{"loc":{"start":{"line":168,"column":16},"end":{"line":170,"column":43}},"type":"cond-expr","locations":[{"start":{"line":169,"column":20},"end":{"line":169,"column":32}},{"start":{"line":170,"column":20},"end":{"line":170,"column":43}}],"line":168},"8":{"loc":{"start":{"line":179,"column":11},"end":{"line":189,"column":11}},"type":"binary-expr","locations":[{"start":{"line":179,"column":11},"end":{"line":179,"column":21}},{"start":{"line":180,"column":12},"end":{"line":188,"column":21}}],"line":179}},"s":{"0":1,"1":3,"2":3,"3":3,"4":3,"5":3,"6":3,"7":0,"8":0,"9":0,"10":3,"11":3,"12":3,"13":3,"14":3,"15":3,"16":18,"17":18,"18":0,"19":0,"20":0,"21":0,"22":0,"23":0,"24":3,"25":15,"26":15,"27":15,"28":15,"29":15,"30":15,"31":15,"32":15,"33":15,"34":56,"35":56,"36":56,"37":15,"38":3,"39":15,"40":15,"41":12,"42":15,"43":15,"44":15,"45":15,"46":15,"47":3,"48":3,"49":3,"50":3,"51":3,"52":3,"53":10,"54":10,"55":10,"56":10,"57":10,"58":10,"59":10,"60":10,"61":10,"62":10,"63":10,"64":3,"65":10,"66":10,"67":56,"68":56,"69":56,"70":3,"71":53,"72":186,"73":10,"74":10,"75":10,"76":10,"77":15,"78":15,"79":1,"80":19,"81":1},"f":{"0":3,"1":3,"2":18,"3":0,"4":0,"5":15,"6":15,"7":12,"8":10,"9":10,"10":10,"11":10,"12":56,"13":186,"14":10,"15":15,"16":19},"b":{"0":[0,3],"1":[0,0],"2":[3,12],"3":[10,0],"4":[3,53],"5":[186,72],"6":[20,52],"7":[50,136],"8":[53,44]},"_coverageSchema":"1a1c01bbd47fc00a2c39e90264f33305004495a9","hash":"30c045788800a937a768dcadd2bea9bfa25ac6d9"}
,"/home/aa/Área de Trabalho/PROJETOS/sd-027-a-project-trivia-react-redux/src/pages/Login.jsx": {"path":"/home/aa/Área de Trabalho/PROJETOS/sd-027-a-project-trivia-react-redux/src/pages/Login.jsx","statementMap":{"0":{"start":{"line":8,"column":10},"end":{"line":12,"column":3}},"1":{"start":{"line":15,"column":23},"end":{"line":15,"column":54}},"2":{"start":{"line":16,"column":4},"end":{"line":16,"column":59}},"3":{"start":{"line":16,"column":21},"end":{"line":16,"column":59}},"4":{"start":{"line":19,"column":20},"end":{"line":24,"column":3}},"5":{"start":{"line":20,"column":38},"end":{"line":20,"column":48}},"6":{"start":{"line":21,"column":4},"end":{"line":23,"column":7}},"7":{"start":{"line":26,"column":17},"end":{"line":30,"column":3}},"8":{"start":{"line":27,"column":4},"end":{"line":29,"column":29}},"9":{"start":{"line":37,"column":24},"end":{"line":40,"column":3}},"10":{"start":{"line":38,"column":24},"end":{"line":38,"column":34}},"11":{"start":{"line":39,"column":4},"end":{"line":39,"column":28}},"12":{"start":{"line":42,"column":15},"end":{"line":51,"column":3}},"13":{"start":{"line":43,"column":34},"end":{"line":43,"column":44}},"14":{"start":{"line":44,"column":38},"end":{"line":44,"column":48}},"15":{"start":{"line":45,"column":17},"end":{"line":45,"column":33}},"16":{"start":{"line":46,"column":4},"end":{"line":46,"column":70}},"17":{"start":{"line":47,"column":4},"end":{"line":50,"column":5}},"18":{"start":{"line":48,"column":6},"end":{"line":48,"column":28}},"19":{"start":{"line":49,"column":6},"end":{"line":49,"column":31}},"20":{"start":{"line":54,"column":50},"end":{"line":54,"column":60}},"21":{"start":{"line":55,"column":4},"end":{"line":97,"column":6}},"22":{"start":{"line":101,"column":0},"end":{"line":106,"column":13}}},"fnMap":{"0":{"name":"(anonymous_0)","decl":{"start":{"line":14,"column":2},"end":{"line":14,"column":3}},"loc":{"start":{"line":14,"column":22},"end":{"line":17,"column":3}},"line":14},"1":{"name":"(anonymous_1)","decl":{"start":{"line":19,"column":20},"end":{"line":19,"column":21}},"loc":{"start":{"line":19,"column":26},"end":{"line":24,"column":3}},"line":19},"2":{"name":"(anonymous_2)","decl":{"start":{"line":26,"column":17},"end":{"line":26,"column":18}},"loc":{"start":{"line":26,"column":50},"end":{"line":30,"column":3}},"line":26},"3":{"name":"(anonymous_3)","decl":{"start":{"line":37,"column":24},"end":{"line":37,"column":25}},"loc":{"start":{"line":37,"column":30},"end":{"line":40,"column":3}},"line":37},"4":{"name":"(anonymous_4)","decl":{"start":{"line":42,"column":15},"end":{"line":42,"column":16}},"loc":{"start":{"line":42,"column":27},"end":{"line":51,"column":3}},"line":42},"5":{"name":"(anonymous_5)","decl":{"start":{"line":53,"column":2},"end":{"line":53,"column":3}},"loc":{"start":{"line":53,"column":11},"end":{"line":98,"column":3}},"line":53}},"branchMap":{"0":{"loc":{"start":{"line":16,"column":4},"end":{"line":16,"column":59}},"type":"if","locations":[{"start":{"line":16,"column":4},"end":{"line":16,"column":59}},{"start":{},"end":{}}],"line":16},"1":{"loc":{"start":{"line":22,"column":20},"end":{"line":22,"column":43}},"type":"binary-expr","locations":[{"start":{"line":22,"column":20},"end":{"line":22,"column":29}},{"start":{"line":22,"column":33},"end":{"line":22,"column":43}}],"line":22},"2":{"loc":{"start":{"line":47,"column":4},"end":{"line":50,"column":5}},"type":"if","locations":[{"start":{"line":47,"column":4},"end":{"line":50,"column":5}},{"start":{},"end":{}}],"line":47}},"s":{"0":5,"1":5,"2":5,"3":1,"4":5,"5":61,"6":61,"7":5,"8":61,"9":5,"10":1,"11":1,"12":5,"13":3,"14":3,"15":3,"16":3,"17":3,"18":3,"19":3,"20":127,"21":127,"22":1},"f":{"0":5,"1":61,"2":61,"3":1,"4":3,"5":127},"b":{"0":[1,4],"1":[61,61],"2":[3,0]},"_coverageSchema":"1a1c01bbd47fc00a2c39e90264f33305004495a9","hash":"083605e31832dc3159894b2f74df86dee7f95aae"}
,"/home/aa/Área de Trabalho/PROJETOS/sd-027-a-project-trivia-react-redux/src/pages/Ranking.jsx": {"path":"/home/aa/Área de Trabalho/PROJETOS/sd-027-a-project-trivia-react-redux/src/pages/Ranking.jsx","statementMap":{"0":{"start":{"line":5,"column":10},"end":{"line":7,"column":3}},"1":{"start":{"line":10,"column":23},"end":{"line":10,"column":72}},"2":{"start":{"line":11,"column":4},"end":{"line":11,"column":28}},"3":{"start":{"line":12,"column":20},"end":{"line":17,"column":6}},"4":{"start":{"line":13,"column":6},"end":{"line":15,"column":7}},"5":{"start":{"line":14,"column":8},"end":{"line":14,"column":33}},"6":{"start":{"line":16,"column":6},"end":{"line":16,"column":42}},"7":{"start":{"line":18,"column":4},"end":{"line":18,"column":25}},"8":{"start":{"line":19,"column":4},"end":{"line":19,"column":47}},"9":{"start":{"line":23,"column":24},"end":{"line":23,"column":34}},"10":{"start":{"line":24,"column":33},"end":{"line":24,"column":43}},"11":{"start":{"line":25,"column":4},"end":{"line":25,"column":25}},"12":{"start":{"line":26,"column":4},"end":{"line":26,"column":47}},"13":{"start":{"line":26,"column":17},"end":{"line":26,"column":47}},"14":{"start":{"line":27,"column":4},"end":{"line":47,"column":6}},"15":{"start":{"line":35,"column":10},"end":{"line":38,"column":16}},"16":{"start":{"line":41,"column":26},"end":{"line":41,"column":43}},"17":{"start":{"line":51,"column":0},"end":{"line":55,"column":13}}},"fnMap":{"0":{"name":"(anonymous_0)","decl":{"start":{"line":9,"column":2},"end":{"line":9,"column":3}},"loc":{"start":{"line":9,"column":28},"end":{"line":20,"column":3}},"line":9},"1":{"name":"(anonymous_1)","decl":{"start":{"line":12,"column":36},"end":{"line":12,"column":37}},"loc":{"start":{"line":12,"column":46},"end":{"line":17,"column":5}},"line":12},"2":{"name":"(anonymous_2)","decl":{"start":{"line":22,"column":2},"end":{"line":22,"column":3}},"loc":{"start":{"line":22,"column":11},"end":{"line":48,"column":3}},"line":22},"3":{"name":"(anonymous_3)","decl":{"start":{"line":34,"column":21},"end":{"line":34,"column":22}},"loc":{"start":{"line":35,"column":10},"end":{"line":38,"column":16}},"line":35},"4":{"name":"(anonymous_4)","decl":{"start":{"line":41,"column":20},"end":{"line":41,"column":21}},"loc":{"start":{"line":41,"column":26},"end":{"line":41,"column":43}},"line":41}},"branchMap":{"0":{"loc":{"start":{"line":13,"column":6},"end":{"line":15,"column":7}},"type":"if","locations":[{"start":{"line":13,"column":6},"end":{"line":15,"column":7}},{"start":{},"end":{}}],"line":13},"1":{"loc":{"start":{"line":26,"column":4},"end":{"line":26,"column":47}},"type":"if","locations":[{"start":{"line":26,"column":4},"end":{"line":26,"column":47}},{"start":{},"end":{}}],"line":26}},"s":{"0":1,"1":1,"2":1,"3":1,"4":1,"5":1,"6":0,"7":1,"8":1,"9":2,"10":2,"11":2,"12":2,"13":1,"14":1,"15":2,"16":1,"17":1},"f":{"0":1,"1":1,"2":2,"3":2,"4":1},"b":{"0":[1,0],"1":[1,1]},"_coverageSchema":"1a1c01bbd47fc00a2c39e90264f33305004495a9","hash":"91ce0adba32a47dbee34059883d2e13f38824a32"}
}
