{"total": {"lines":{"total":141,"covered":135,"skipped":0,"pct":95.74},"statements":{"total":148,"covered":142,"skipped":0,"pct":95.94},"functions":{"total":37,"covered":36,"skipped":0,"pct":97.29},"branches":{"total":30,"covered":25,"skipped":0,"pct":83.33},"branchesTrue":{"total":0,"covered":0,"skipped":0,"pct":100}}
,"/home/aa/Área de Trabalho/PROJETOS/sd-027-a-project-trivia-react-redux/src/App.js": {"lines":{"total":1,"covered":1,"skipped":0,"pct":100},"functions":{"total":1,"covered":1,"skipped":0,"pct":100},"statements":{"total":1,"covered":1,"skipped":0,"pct":100},"branches":{"total":0,"covered":0,"skipped":0,"pct":100}}
,"/home/aa/Área de Trabalho/PROJETOS/sd-027-a-project-trivia-react-redux/src/components/Header.jsx": {"lines":{"total":12,"covered":12,"skipped":0,"pct":100},"functions":{"total":4,"covered":4,"skipped":0,"pct":100},"statements":{"total":13,"covered":13,"skipped":0,"pct":100},"branches":{"total":0,"covered":0,"skipped":0,"pct":100}}
,"/home/aa/Área de Trabalho/PROJETOS/sd-027-a-project-trivia-react-redux/src/pages/Feedback.jsx": {"lines":{"total":10,"covered":10,"skipped":0,"pct":100},"functions":{"total":4,"covered":4,"skipped":0,"pct":100},"statements":{"total":11,"covered":11,"skipped":0,"pct":100},"branches":{"total":2,"covered":1,"skipped":0,"pct":50}}
,"/home/aa/Área de Trabalho/PROJETOS/sd-027-a-project-trivia-react-redux/src/pages/Game.jsx": {"lines":{"total":79,"covered":76,"skipped":0,"pct":96.2},"functions":{"total":17,"covered":17,"skipped":0,"pct":100},"statements":{"total":82,"covered":79,"skipped":0,"pct":96.34},"branches":{"total":18,"covered":16,"skipped":0,"pct":88.88}}
,"/home/aa/Área de Trabalho/PROJETOS/sd-027-a-project-trivia-react-redux/src/pages/Login.jsx": {"lines":{"total":22,"covered":20,"skipped":0,"pct":90.9},"functions":{"total":6,"covered":5,"skipped":0,"pct":83.33},"statements":{"total":23,"covered":21,"skipped":0,"pct":91.3},"branches":{"total":6,"covered":5,"skipped":0,"pct":83.33}}
,"/home/aa/Área de Trabalho/PROJETOS/sd-027-a-project-trivia-react-redux/src/pages/Ranking.jsx": {"lines":{"total":17,"covered":16,"skipped":0,"pct":94.11},"functions":{"total":5,"covered":5,"skipped":0,"pct":100},"statements":{"total":18,"covered":17,"skipped":0,"pct":94.44},"branches":{"total":4,"covered":3,"skipped":0,"pct":75}}
}
