TN:
SF:src/App.js
FN:10,App
FNF:1
FNH:1
FNDA:1,App
DA:11,1
LF:1
LH:1
BRF:0
BRH:0
end_of_record
TN:
SF:src/components/Header.jsx
FN:12,(anonymous_0)
FN:18,(anonymous_1)
FN:21,(anonymous_2)
FN:42,(anonymous_3)
FNF:4
FNH:4
FNDA:3,(anonymous_0)
FNDA:3,(anonymous_1)
FNDA:19,(anonymous_2)
FNDA:16,(anonymous_3)
DA:8,3
DA:13,3
DA:14,3
DA:15,3
DA:16,3
DA:18,3
DA:22,19
DA:23,19
DA:25,19
DA:27,19
DA:37,1
DA:42,16
LF:12
LH:12
BRF:0
BRH:0
end_of_record
TN:
SF:src/pages/Feedback.jsx
FN:6,(anonymous_0)
FN:48,(anonymous_1)
FN:56,(anonymous_2)
FN:70,(anonymous_3)
FNF:4
FNH:4
FNDA:3,(anonymous_0)
FNDA:2,(anonymous_1)
FNDA:1,(anonymous_2)
FNDA:3,(anonymous_3)
DA:7,3
DA:8,3
DA:9,3
DA:10,3
DA:11,3
DA:12,3
DA:48,2
DA:56,1
DA:66,1
DA:70,3
LF:10
LH:10
BRDA:42,0,0,1
BRDA:42,0,1,2
BRF:2
BRH:2
end_of_record
TN:
SF:src/pages/Game.jsx
FN:24,(anonymous_0)
FN:46,(anonymous_1)
FN:51,(anonymous_2)
FN:53,(anonymous_3)
FN:54,(anonymous_4)
FN:68,(anonymous_5)
FN:85,(anonymous_6)
FN:88,(anonymous_7)
FN:108,(anonymous_8)
FN:120,(anonymous_9)
FN:121,(anonymous_10)
FN:132,(anonymous_11)
FN:137,(anonymous_12)
FN:147,(anonymous_13)
FN:161,(anonymous_14)
FN:181,(anonymous_15)
FN:196,(anonymous_16)
FNF:17
FNH:15
FNDA:3,(anonymous_0)
FNDA:3,(anonymous_1)
FNDA:18,(anonymous_2)
FNDA:0,(anonymous_3)
FNDA:0,(anonymous_4)
FNDA:15,(anonymous_5)
FNDA:15,(anonymous_6)
FNDA:12,(anonymous_7)
FNDA:10,(anonymous_8)
FNDA:10,(anonymous_9)
FNDA:10,(anonymous_10)
FNDA:10,(anonymous_11)
FNDA:56,(anonymous_12)
FNDA:186,(anonymous_13)
FNDA:10,(anonymous_14)
FNDA:15,(anonymous_15)
FNDA:19,(anonymous_16)
DA:8,1
DA:10,3
DA:25,3
DA:26,3
DA:27,3
DA:30,3
DA:32,3
DA:33,0
DA:34,0
DA:35,0
DA:37,3
DA:38,3
DA:39,3
DA:40,3
DA:47,3
DA:51,3
DA:52,18
DA:53,18
DA:54,0
DA:55,0
DA:56,0
DA:57,0
DA:58,0
DA:61,0
DA:68,3
DA:69,15
DA:70,15
DA:71,15
DA:72,15
DA:73,15
DA:74,15
DA:75,15
DA:76,15
DA:77,56
DA:78,56
DA:79,56
DA:81,15
DA:85,3
DA:86,15
DA:87,15
DA:88,12
DA:94,15
DA:95,15
DA:96,15
DA:97,15
DA:98,15
DA:99,3
DA:100,3
DA:101,3
DA:102,3
DA:104,3
DA:108,3
DA:109,10
DA:110,10
DA:116,10
DA:117,10
DA:118,10
DA:119,10
DA:120,10
DA:122,10
DA:123,10
DA:124,10
DA:125,10
DA:132,3
DA:133,10
DA:134,10
DA:138,56
DA:139,56
DA:140,56
DA:141,53
DA:148,186
DA:162,10
DA:163,10
DA:164,10
DA:165,10
DA:182,15
DA:183,15
DA:196,19
DA:198,1
LF:79
LH:70
BRDA:32,0,0,0
BRDA:32,0,1,3
BRDA:55,1,0,0
BRDA:55,1,1,0
BRDA:98,2,0,3
BRDA:98,2,1,12
BRDA:116,3,0,10
BRDA:116,3,1,0
BRDA:140,4,0,3
BRDA:140,4,1,53
BRDA:155,5,0,186
BRDA:155,5,1,72
BRDA:156,6,0,20
BRDA:156,6,1,52
BRDA:168,7,0,50
BRDA:168,7,1,136
BRDA:179,8,0,53
BRDA:179,8,1,44
BRF:18
BRH:14
end_of_record
TN:
SF:src/pages/Login.jsx
FN:14,(anonymous_0)
FN:19,(anonymous_1)
FN:26,(anonymous_2)
FN:37,(anonymous_3)
FN:42,(anonymous_4)
FN:53,(anonymous_5)
FNF:6
FNH:6
FNDA:5,(anonymous_0)
FNDA:61,(anonymous_1)
FNDA:61,(anonymous_2)
FNDA:1,(anonymous_3)
FNDA:3,(anonymous_4)
FNDA:127,(anonymous_5)
DA:8,5
DA:15,5
DA:16,5
DA:19,5
DA:20,61
DA:21,61
DA:26,5
DA:27,61
DA:37,5
DA:38,1
DA:39,1
DA:42,5
DA:43,3
DA:44,3
DA:45,3
DA:46,3
DA:47,3
DA:48,3
DA:49,3
DA:54,127
DA:55,127
DA:101,1
LF:22
LH:22
BRDA:16,0,0,1
BRDA:16,0,1,4
BRDA:22,1,0,61
BRDA:22,1,1,61
BRDA:47,2,0,3
BRDA:47,2,1,0
BRF:6
BRH:5
end_of_record
TN:
SF:src/pages/Ranking.jsx
FN:9,(anonymous_0)
FN:12,(anonymous_1)
FN:22,(anonymous_2)
FN:34,(anonymous_3)
FN:41,(anonymous_4)
FNF:5
FNH:5
FNDA:1,(anonymous_0)
FNDA:1,(anonymous_1)
FNDA:2,(anonymous_2)
FNDA:2,(anonymous_3)
FNDA:1,(anonymous_4)
DA:5,1
DA:10,1
DA:11,1
DA:12,1
DA:13,1
DA:14,1
DA:16,0
DA:18,1
DA:19,1
DA:23,2
DA:24,2
DA:25,2
DA:26,2
DA:27,1
DA:35,2
DA:41,1
DA:51,1
LF:17
LH:16
BRDA:13,0,0,1
BRDA:13,0,1,0
BRDA:26,1,0,1
BRDA:26,1,1,1
BRF:4
BRH:3
end_of_record
